<?xml version="1.0" encoding="UTF-8"?>
<!-- Generated by org.testng.reporters.JUnitXMLReporter -->
<testsuite ignored="0" hostname="DESKTOP-35PGE1D" failures="0" tests="6" name="Default test" time="20.066" errors="0" timestamp="2025-07-31T11:55:25 IST">
  <testcase classname="HelperAttributes.Threadpoolsize" name="login" time="8.158"/>
  <testcase classname="HelperAttributes.Threadpoolsize" name="login" time="8.149"/>
  <testcase classname="HelperAttributes.Threadpoolsize" name="login" time="11.856"/>
  <testcase classname="HelperAttributes.Threadpoolsize" name="login" time="5.006"/>
  <testcase classname="HelperAttributes.Threadpoolsize" name="login" time="6.835"/>
  <testcase classname="HelperAttributes.Threadpoolsize" name="login" time="8.137"/>
</testsuite> <!-- Default test -->
