<?xml version="1.0" encoding="UTF-8"?>
<testng-results ignored="0" total="6" passed="6" failed="0" skipped="0">
  <reporter-output>
    <line>
      <![CDATA[login executed]]>
    </line>
    <line>
      <![CDATA[login executed]]>
    </line>
    <line>
      <![CDATA[login executed]]>
    </line>
    <line>
      <![CDATA[login executed]]>
    </line>
    <line>
      <![CDATA[login executed]]>
    </line>
    <line>
      <![CDATA[login executed]]>
    </line>
  </reporter-output>
  <suite started-at="2025-07-31T11:55:05 IST" name="Default suite" finished-at="2025-07-31T11:55:25 IST" duration-ms="20066">
    <groups>
    </groups>
    <test started-at="2025-07-31T11:55:05 IST" name="Default test" finished-at="2025-07-31T11:55:25 IST" duration-ms="20066">
      <class name="HelperAttributes.Threadpoolsize">
        <test-method signature="login()[pri:0, instance:HelperAttributes.Threadpoolsize@449a4f23]" started-at="2025-07-31T11:55:05 IST" name="login" finished-at="2025-07-31T11:55:13 IST" duration-ms="8158" status="PASS">
          <reporter-output>
            <line>
              <![CDATA[login executed]]>
            </line>
          </reporter-output>
        </test-method> <!-- login -->
        <test-method signature="login()[pri:0, instance:HelperAttributes.Threadpoolsize@449a4f23]" started-at="2025-07-31T11:55:05 IST" name="login" finished-at="2025-07-31T11:55:17 IST" duration-ms="11856" status="PASS">
          <reporter-output>
            <line>
              <![CDATA[login executed]]>
            </line>
          </reporter-output>
        </test-method> <!-- login -->
        <test-method signature="login()[pri:0, instance:HelperAttributes.Threadpoolsize@449a4f23]" started-at="2025-07-31T11:55:05 IST" name="login" finished-at="2025-07-31T11:55:13 IST" duration-ms="8149" status="PASS">
          <reporter-output>
            <line>
              <![CDATA[login executed]]>
            </line>
          </reporter-output>
        </test-method> <!-- login -->
        <test-method signature="login()[pri:0, instance:HelperAttributes.Threadpoolsize@449a4f23]" started-at="2025-07-31T11:55:13 IST" name="login" finished-at="2025-07-31T11:55:18 IST" duration-ms="5006" status="PASS">
          <reporter-output>
            <line>
              <![CDATA[login executed]]>
            </line>
          </reporter-output>
        </test-method> <!-- login -->
        <test-method signature="login()[pri:0, instance:HelperAttributes.Threadpoolsize@449a4f23]" started-at="2025-07-31T11:55:13 IST" name="login" finished-at="2025-07-31T11:55:20 IST" duration-ms="6835" status="PASS">
          <reporter-output>
            <line>
              <![CDATA[login executed]]>
            </line>
          </reporter-output>
        </test-method> <!-- login -->
        <test-method signature="login()[pri:0, instance:HelperAttributes.Threadpoolsize@449a4f23]" started-at="2025-07-31T11:55:17 IST" name="login" finished-at="2025-07-31T11:55:25 IST" duration-ms="8137" status="PASS">
          <reporter-output>
            <line>
              <![CDATA[login executed]]>
            </line>
          </reporter-output>
        </test-method> <!-- login -->
      </class> <!-- HelperAttributes.Threadpoolsize -->
    </test> <!-- Default test -->
  </suite> <!-- Default suite -->
</testng-results>
