<?xml version="1.0" encoding="UTF-8"?>
<!-- Generated by org.testng.reporters.JUnitReportReporter -->
<testsuite hostname="DESKTOP-35PGE1D" failures="0" tests="3" name="HelperAttributes.InvocationCount" time="28.041" errors="0" timestamp="2025-07-31T11:54:22 IST" skipped="0">
  <testcase classname="HelperAttributes.InvocationCount" name="login" time="8.055">
    <system-out>
      <![CDATA[execution done]]>
    </system-out>
  </testcase> <!-- login -->
  <testcase classname="HelperAttributes.InvocationCount" name="login" time="12.785">
    <system-out>
      <![CDATA[execution done]]>
    </system-out>
  </testcase> <!-- login -->
  <testcase classname="HelperAttributes.InvocationCount" name="login" time="7.201">
    <system-out>
      <![CDATA[execution done]]>
    </system-out>
  </testcase> <!-- login -->
  <system-out>
    <![CDATA[execution done
execution done
execution done]]>
  </system-out>
</testsuite> <!-- HelperAttributes.InvocationCount -->
