<?xml version="1.0" encoding="UTF-8"?>
<!-- Generated by org.testng.reporters.JUnitReportReporter -->
<testsuite hostname="DESKTOP-35PGE1D" failures="0" tests="6" name="HelperAttributes.Threadpoolsize" time="48.141" errors="0" timestamp="2025-07-31T11:55:25 IST" skipped="0">
  <testcase classname="HelperAttributes.Threadpoolsize" name="login" time="11.856">
    <system-out>
      <![CDATA[login executed]]>
    </system-out>
  </testcase> <!-- login -->
  <testcase classname="HelperAttributes.Threadpoolsize" name="login" time="5.006">
    <system-out>
      <![CDATA[login executed]]>
    </system-out>
  </testcase> <!-- login -->
  <testcase classname="HelperAttributes.Threadpoolsize" name="login" time="8.137">
    <system-out>
      <![CDATA[login executed]]>
    </system-out>
  </testcase> <!-- login -->
  <testcase classname="HelperAttributes.Threadpoolsize" name="login" time="6.835">
    <system-out>
      <![CDATA[login executed]]>
    </system-out>
  </testcase> <!-- login -->
  <testcase classname="HelperAttributes.Threadpoolsize" name="login" time="8.149">
    <system-out>
      <![CDATA[login executed]]>
    </system-out>
  </testcase> <!-- login -->
  <testcase classname="HelperAttributes.Threadpoolsize" name="login" time="8.158">
    <system-out>
      <![CDATA[login executed]]>
    </system-out>
  </testcase> <!-- login -->
  <system-out>
    <![CDATA[login executed
login executed
login executed
login executed
login executed
login executed]]>
  </system-out>
</testsuite> <!-- HelperAttributes.Threadpoolsize -->
